<?xml version="1.0" encoding="UTF-8"?>
<!-- Generated by org.testng.reporters.JUnitXMLReporter -->
<testsuite ignored="0" hostname="Chitras-MacBook-Air.local" failures="1" tests="2" name="ToTestListener" time="0.056" errors="0" timestamp="2022-09-19T22:25:47 PDT">
  <testcase classname="TestngListeners.LoginTest" name="loginByEmail" time="0.014"/>
  <testcase classname="TestngListeners.LoginTest" name="loginByFb" time="0.001">
    <failure type="java.lang.AssertionError" message="expected [thiruvengadam] but found [chitra]">
      <![CDATA[java.lang.AssertionError: expected [thiruvengadam] but found [chitra]
at TestngListeners.LoginTest.loginByFb(LoginTest.java:19)
at java.base/java.util.ArrayList.forEach(ArrayList.java:1511)
... Removed 33 stack frames]]>
    </failure>
  </testcase> <!-- loginByFb -->
</testsuite> <!-- ToTestListener -->
