<?xml version="1.0" encoding="UTF-8"?>
<testng-results ignored="0" total="2" passed="2" failed="0" skipped="0">
  <reporter-output>
  </reporter-output>
  <suite started-at="2022-09-21T12:23:05 PDT" name="Default suite" finished-at="2022-09-21T12:23:11 PDT" duration-ms="5419">
    <groups>
    </groups>
    <test started-at="2022-09-21T12:23:05 PDT" name="Default test" finished-at="2022-09-21T12:23:11 PDT" duration-ms="5419">
      <class name="ExtentReports.GenerateExtentReports">
        <test-method is-config="true" signature="launchBrowser()[pri:0, instance:ExtentReports.GenerateExtentReports@6580cfdd]" started-at="2022-09-21T12:23:01 PDT" name="launchBrowser" finished-at="2022-09-21T12:23:05 PDT" duration-ms="4323" status="PASS">
          <reporter-output>
          </reporter-output>
        </test-method> <!-- launchBrowser -->
        <test-method signature="openGoogle()[pri:0, instance:ExtentReports.GenerateExtentReports@6580cfdd]" started-at="2022-09-21T12:23:05 PDT" name="openGoogle" finished-at="2022-09-21T12:23:07 PDT" duration-ms="1220" status="PASS">
          <reporter-output>
          </reporter-output>
        </test-method> <!-- openGoogle -->
        <test-method signature="openYahoo()[pri:0, instance:ExtentReports.GenerateExtentReports@6580cfdd]" started-at="2022-09-21T12:23:07 PDT" name="openYahoo" finished-at="2022-09-21T12:23:11 PDT" duration-ms="4176" status="PASS">
          <reporter-output>
          </reporter-output>
        </test-method> <!-- openYahoo -->
        <test-method is-config="true" signature="closeBrowser()[pri:0, instance:ExtentReports.GenerateExtentReports@6580cfdd]" started-at="2022-09-21T12:23:11 PDT" name="closeBrowser" finished-at="2022-09-21T12:23:11 PDT" duration-ms="552" status="PASS">
          <reporter-output>
          </reporter-output>
        </test-method> <!-- closeBrowser -->
      </class> <!-- ExtentReports.GenerateExtentReports -->
    </test> <!-- Default test -->
  </suite> <!-- Default suite -->
</testng-results>
